2024-08-03 16:18:22,541 DEBUG New search object created
2024-08-03 16:19:17,639 DEBUG A request has been made to url: https://dmhy.org/topics/list/page/1?keyword=%E6%88%91%E6%8E%A8%E7%9A%84%E5%AD%A9%E5%AD%90&sort_id=0&team_id=0&order=date-desc
2024-08-03 16:19:17,746 DEBUG Successfully got: [北宇治字幕组&霜庭云花Sub&氢气烤肉架]【我推的孩子】/【OshinoKo】[15][WebRip][HEVC_AAC][繁日内嵌]
2024-08-03 16:19:17,747 DEBUG Successfully got: [北宇治字幕组&霜庭云花Sub&氢气烤肉架]【我推的孩子】/【OshinoKo】[15][WebRip][HEVC_AAC][简日内嵌]
2024-08-03 16:19:17,747 DEBUG Successfully got: [北宇治字幕组&霜庭云花Sub&氢气烤肉架]【我推的孩子】/【OshinoKo】[15][WebRip][HEVC_AAC][简繁日内封]
2024-08-03 16:19:17,748 DEBUG Successfully got: [LoliHouse]【我推的孩子】/OshinoKo-16[WebRip1080pHEVC-10bitAAC][简繁内封字幕]
2024-08-03 16:19:17,748 DEBUG Successfully got: 【百冬練習組】【【支持的【偶像】的孩子】_我推的孩子_OshinoKo】[16][1080pAVCAAC][繁體]
2024-08-03 16:19:17,748 DEBUG Successfully got: 【百冬练习组】【【支持的【偶像】的孩子】_我推的孩子_OshinoKo】[16][1080pAVCAAC][简体]
2024-08-03 16:19:17,749 DEBUG Successfully got: [ANi]OshiNoKo/【我推的孩子】-16[1080P][Baha][WEB-DL][AACAVC][CHT][MP4]
2024-08-03 16:19:17,749 DEBUG Successfully got: [云歌字幕组&萌樱字幕组][7月新番][我推的孩子第二季][15][HEVC][x26510bit][1080p][简日双语][招募校对]
2024-08-03 16:19:17,751 DEBUG Successfully got: [桜都字幕組]【我推的孩子】(2024)/OshinoKo(2024)[15][1080p][繁日內嵌]
2024-08-03 16:19:17,753 DEBUG Successfully got: [桜都字幕组]【我推的孩子】(2024)/OshinoKo(2024)[15][1080p][简日内嵌]
2024-08-03 16:19:17,755 DEBUG Successfully got: [桜都字幕组]【我推的孩子】(2024)/OshinoKo(2024)[15][1080p][简繁日内封]
2024-08-03 16:19:17,756 DEBUG Successfully got: 【百冬练习组】【【支持的【偶像】的孩子】_我推的孩子_OshinoKo】[15][1080pAVCAAC][简体]
2024-08-03 16:19:17,756 DEBUG Successfully got: 【百冬練習組】【【支持的【偶像】的孩子】_我推的孩子_OshinoKo】[15][1080pAVCAAC][繁體]
2024-08-03 16:19:17,757 DEBUG Successfully got: [沸羊羊制作]【我推的孩子】第二季/OshinoKoS02-04[NFWebRip1080pHEVC-10bitAAC][简繁内封字幕]
2024-08-03 16:19:17,757 DEBUG Successfully got: [LoliHouse]【我推的孩子】/OshinoKo-15[WebRip1080pHEVC-10bitAAC][简繁内封字幕]
2024-08-03 16:19:17,757 DEBUG Successfully got: [云歌字幕组&萌樱字幕组][7月新番][我推的孩子第二季][14][HEVC][x26510bit][1080p][简日双语][招募校对]
2024-08-03 16:19:17,758 DEBUG Successfully got: [北宇治字幕组&霜庭云花Sub&氢气烤肉架]【我推的孩子】/【OshinoKo】[14v2][WebRip][HEVC_AAC][繁日内嵌]
2024-08-03 16:19:17,758 DEBUG Successfully got: [北宇治字幕组&霜庭云花Sub&氢气烤肉架]【我推的孩子】/【OshinoKo】[14v2][WebRip][HEVC_AAC][简日内嵌]
2024-08-03 16:19:17,758 DEBUG Successfully got: [北宇治字幕组&霜庭云花Sub&氢气烤肉架]【我推的孩子】/【OshinoKo】[14v2][WebRip][HEVC_AAC][简繁日内封]
2024-08-03 16:19:17,759 DEBUG Successfully got: [LoliHouse]【我推的孩子】/OshinoKo-14[WebRip1080pHEVC-10bitAAC][简繁内封字幕]
2024-08-03 16:19:17,759 DEBUG Successfully got: [桜都字幕組]【我推的孩子】(2024)/OshinoKo(2024)[14][1080p][繁日內嵌]
2024-08-03 16:19:17,759 DEBUG Successfully got: [桜都字幕组]【我推的孩子】(2024)/OshinoKo(2024)[14][1080p][简日内嵌]
2024-08-03 16:19:17,760 DEBUG Successfully got: [桜都字幕组]【我推的孩子】(2024)/OshinoKo(2024)[14][1080p][简繁日内封]
2024-08-03 16:19:17,760 DEBUG Successfully got: 【百冬練習組】【【支持的【偶像】的孩子】_我推的孩子_OshinoKo】[14][1080pAVCAAC][繁體]
2024-08-03 16:19:17,760 DEBUG Successfully got: 【百冬练习组】【【支持的【偶像】的孩子】_我推的孩子_OshinoKo】[14][1080pAVCAAC][简体]
2024-08-03 16:19:17,761 DEBUG Successfully got: [沸羊羊制作]【我推的孩子】第二季/OshinoKoS02-03[NFWebRip1080pHEVC-10bitAAC][简繁内封字幕]
2024-08-03 16:19:17,761 DEBUG Successfully got: [ANi]OshiNoKo/【我推的孩子】-14[1080P][Baha][WEB-DL][AACAVC][CHT][MP4]
2024-08-03 16:19:17,761 DEBUG Successfully got: [北宇治字幕组&霜庭云花Sub&氢气烤肉架]【我推的孩子】/【OshinoKo】[13][WebRip][HEVC_AAC][简繁日内封]
2024-08-03 16:19:17,762 DEBUG Successfully got: [北宇治字幕组&霜庭云花Sub&氢气烤肉架]【我推的孩子】/【OshinoKo】[13][WebRip][HEVC_AAC][简日内嵌]
2024-08-03 16:19:17,762 DEBUG Successfully got: [北宇治字幕组&霜庭云花Sub&氢气烤肉架]【我推的孩子】/【OshinoKo】[13][WebRip][HEVC_AAC][繁日内嵌]
2024-08-03 16:19:17,762 DEBUG Successfully got: [沸羊羊制作]【我推的孩子】第二季/OshinoKoS02-02[NFWebRip1080pHEVC-10bitAAC][简繁内封字幕]
2024-08-03 16:19:17,763 DEBUG Successfully got: [沸羊羊制作]【我推的孩子】第二季/OshinoKoS02-01[NFWebRip1080pHEVC-10bitAAC][简繁内封字幕]
2024-08-03 16:19:17,763 DEBUG Successfully got: [云歌字幕组&萌樱字幕组][7月新番][我推的孩子第二季][13][HEVC][x26510bit][1080p][简日双语][招募校对]
2024-08-03 16:19:17,764 DEBUG Successfully got: [桜都字幕組]【我推的孩子】(2024)/OshinoKo(2024)[13][1080p][繁日內嵌]
2024-08-03 16:19:17,764 DEBUG Successfully got: [桜都字幕组]【我推的孩子】(2024)/OshinoKo(2024)[13][1080p][简日内嵌]
2024-08-03 16:19:17,764 DEBUG Successfully got: 【百冬練習組】【【支持的【偶像】的孩子】_我推的孩子_OshinoKo】[13][1080pAVCAAC][繁體]
2024-08-03 16:19:17,765 DEBUG Successfully got: 【百冬练习组】【【支持的【偶像】的孩子】_我推的孩子_OshinoKo】[13][1080pAVCAAC][简体]
2024-08-03 16:19:17,765 DEBUG Successfully got: [桜都字幕组]【我推的孩子】(2024)/OshinoKo(2024)[13][1080p][简繁日内封]
2024-08-03 16:19:17,765 DEBUG Successfully got: [LoliHouse]【我推的孩子】/OshinoKo-13[WebRip1080pHEVC-10bitAAC][简繁内封字幕]
2024-08-03 16:19:17,766 DEBUG Successfully got: [ANi]OshiNoKo/【我推的孩子】-13[1080P][Baha][WEB-DL][AACAVC][CHT][MP4]
2024-08-03 16:19:17,766 DEBUG Successfully got: 【百冬練習組】【【支持的【偶像】的孩子】_我推的孩子_OshinoKo】[12][1080pAVCAAC][繁體]
2024-08-03 16:19:17,768 DEBUG Successfully got: 【百冬练习组】【【支持的【偶像】的孩子】_我推的孩子_OshinoKo】[12][1080pAVCAAC][简体]
2024-08-03 16:19:17,769 DEBUG Successfully got: [北宇治字幕组&霜庭云花Sub&氢气烤肉架]【我推的孩子】/【OshinoKo】[12][WebRip][HEVC_AAC][繁日内嵌]
2024-08-03 16:19:17,770 DEBUG Successfully got: [北宇治字幕组&霜庭云花Sub&氢气烤肉架]【我推的孩子】/【OshinoKo】[12][WebRip][HEVC_AAC][简日内嵌]
2024-08-03 16:19:17,771 DEBUG Successfully got: [北宇治字幕组&霜庭云花Sub&氢气烤肉架]【我推的孩子】/【Oshinoko】[12][WebRip][HEVC_AAC][简繁日内封]
2024-08-03 16:19:17,772 DEBUG Successfully got: [云歌字幕组&萌樱字幕组][7月新番][我推的孩子第二季][12][HEVC][x26510bit][1080p][简日双语][招募校对]
2024-08-03 16:19:17,773 DEBUG Successfully got: [LoliHouse]【我推的孩子】/OshinoKo-12[WebRip1080pHEVC-10bitAAC][简繁内封字幕]
2024-08-03 16:19:17,773 DEBUG Successfully got: [桜都字幕組]【我推的孩子】(2024)/OshinoKo(2024)[12][1080p][繁日內嵌]
2024-08-03 16:19:17,773 DEBUG Successfully got: [桜都字幕组]【我推的孩子】(2024)/OshinoKo(2024)[12][1080p][简日内嵌]
2024-08-03 16:19:17,774 DEBUG Successfully got: [桜都字幕组]【我推的孩子】(2024)/OshinoKo(2024)[12][1080p][简繁日内封]
2024-08-03 16:19:17,774 DEBUG Successfully got: [Hi-Res][240703][我推的孩子]TVアニメ『【推しの子】第2期』EDテーマ「Burning」／羊文学[48kHz/24bit][FLAC]
2024-08-03 16:19:17,774 DEBUG Successfully got: [Hi-Res][240704][我推的孩子]TVアニメ『【推しの子】第2期』OP主題歌「ファタール-Fatal」／GEMN&中島健人&キタニタツヤ[96kHz/24bit][FLAC]
2024-08-03 16:19:17,775 DEBUG Successfully got: [ANi]OshiNoKo/【我推的孩子】-12[1080P][Baha][WEB-DL][AACAVC][CHT][MP4]
2024-08-03 16:19:17,775 DEBUG Successfully got: 【动漫国字幕组】[【我推的孩子】][01-11][BDRip][AVC_AAC][1080P][简体][MP4]
2024-08-03 16:19:17,775 DEBUG Successfully got: 【動漫國字幕組】[【我推的孩子】][01-11][BDRip][AVC_AAC][1080P][繁體][MP4]
2024-08-03 16:19:17,775 DEBUG Successfully got: 【动漫国字幕组】[【我推的孩子】][01-11][BDRip][AVC_AAC][720P][简体][MP4]
2024-08-03 16:19:17,776 DEBUG Successfully got: 【動漫國字幕組】[【我推的孩子】][01-11][BDRip][AVC_AAC][720P][繁體][MP4]
2024-08-03 16:19:17,776 DEBUG Successfully got: [Hi-Res][240317][邦邦翻唱《我推的孩子》OP]『BanGDream!』Pastel*Palettes「アイドル(Cover)」[96kHz/24bit][FLAC]
2024-08-03 16:19:17,776 DEBUG Successfully got: [动漫国字幕组&VCB-Studio]【我推的孩子】/【OSHINOKO】/【推しの子】10-bit1080pHEVCBDRip[S1Fin]
2024-08-03 16:19:17,776 DEBUG Successfully got: 【春节快乐~】2024年动漫年历12款(我推的孩子、BLUELOCK、吹响上低音号、碧蓝航线、东方、萊莎鍊金工房、熊熊勇闖異世界、摇曳露营、紫罗兰永恒花园)
2024-08-03 16:19:17,777 DEBUG Successfully got: [jibaketa合成][代理商粵語]【我推的孩子】/OshinoKo-11END[粵日雙語+內封繁體中文字幕](WEB1920x1080AVCAACx2SRTAni-OneCHT)
2024-08-03 16:19:17,777 DEBUG Successfully got: [jibaketa合成][代理商粵語]【我推的孩子】/OshinoKo-10[粵日雙語+內封繁體中文字幕](WEB1920x1080AVCAACx2SRTAni-OneCHT)
2024-08-03 16:19:17,777 DEBUG Successfully got: [桜都字幕组&7³ACG]我推的孩子/【推しの子】/OshinoKoS01|01-11[简繁字幕]BDrip1080px265FLAC2.0(v2)
2024-08-03 16:19:17,777 DEBUG Successfully got: [jibaketa合成][代理商粵語]【我推的孩子】/OshinoKo-09[粵日雙語+內封繁體中文字幕](WEB1920x1080AVCAACx2SRTAni-OneCHT)
2024-08-03 16:19:17,778 DEBUG Successfully got: [DBD-Raws][【我推的孩子】/OshinoKo/【推しの子】][01-11TV全集+特典映像][1080P][BDRip][HEVC-10bit][简繁日双语外挂][FLAC][MKV]
2024-08-03 16:19:17,778 DEBUG Successfully got: [AI-Raws&swaR-KNA]【我推的孩子】/"OshinoKo"/【推しの子】BDRip1080pMKV
2024-08-03 16:19:17,779 DEBUG Successfully got: [jibaketa合成][代理商粵語]【我推的孩子】/OshinoKo-08[粵日雙語+內封繁體中文字幕](WEB1920x1080AVCAACx2SRTAni-OneCHT)
2024-08-03 16:19:17,779 DEBUG Successfully got: [ReinForce]我推的孩子/推子/OshinoKoS1(BDRip1920x1080x264FLAC)
2024-08-03 16:19:17,779 DEBUG Successfully got: [jibaketa合成][代理商粵語]【我推的孩子】/OshinoKo-07[粵日雙語+內封繁體中文字幕](WEB1920x1080AVCAACx2SRTAni-OneCHT)
2024-08-03 16:19:17,780 DEBUG Successfully got: [jibaketa合成][代理商粵語]【我推的孩子】/OshinoKo-06[粵日雙語+內封繁體中文字幕](WEB1920x1080AVCAACx2SRTAni-OneCHT)
2024-08-03 16:19:17,780 DEBUG Successfully got: [jibaketa合成][代理商粵語]【我推的孩子】/OshinoKo-05[粵日雙語+內封繁體中文字幕](WEB1920x1080AVCAACx2SRTAni-OneCHT)
2024-08-03 16:19:17,781 DEBUG Successfully got: [jibaketa合成][代理商粵語]【我推的孩子】/OshinoKo-04[粵日雙語+內封繁體中文字幕](WEB1920x1080AVCAACx2SRTAni-OneCHT)
2024-08-03 16:19:17,781 DEBUG Successfully got: [jibaketa合成][代理商粵語]【我推的孩子】/OshinoKo-03[粵日雙語+內封繁體中文字幕](WEB1920x1080AVCAACx2SRTAni-OneCHT)
2024-08-03 16:19:17,782 DEBUG Successfully got: [ReinForce]我推的孩子/OshinoKoVol5(BDRip1920x1080x264FLAC)
2024-08-03 16:19:17,782 DEBUG Successfully got: [BDMV]我推的孩子/OshinoKo(2023)【推しの子】[Vol.5][JP]
2024-08-03 16:19:17,782 DEBUG Successfully got: [jibaketa合成][代理商粵語]【我推的孩子】/OshinoKo-02[粵日雙語+內封繁體中文字幕](WEB1920x1080AVCAACx2SRTAni-OneCHT)
2024-08-03 16:19:17,783 DEBUG Successfully got: [jibaketa合成][代理商粵語]【我推的孩子】/OshinoKo-01[粵日雙語+內封繁體中文字幕](WEB1920x1080AVCAACx2SRTAni-OneCHT)
2024-08-03 16:19:17,785 DEBUG Successfully got: [BDMV]我推的孩子/推子/OshinoKo(2023)【推しの子】[Vol.4][JP]
2024-08-03 16:19:17,786 DEBUG Successfully got: [动漫国字幕组&LoliHouse]【我推的孩子】/OshinoKo[01-11合集][WebRip1080pHEVC-10bitAAC][简繁内封字幕][Fin]
2024-08-03 16:19:17,787 DEBUG Successfully got: 【动漫国字幕组】★04月新番[【我推的孩子】][01-11(全集)][1080P][简体][MP4]
2024-08-03 16:19:20,774 DEBUG A request has been made to url: https://dmhy.org/topics/list/page/2?keyword=%E6%88%91%E6%8E%A8%E7%9A%84%E5%AD%A9%E5%AD%90&sort_id=0&team_id=0&order=date-desc
2024-08-03 16:19:20,864 DEBUG Successfully got: 【動漫國字幕組】★04月新番[【我推的孩子】][01-11(全集)][1080P][繁體][MP4]
2024-08-03 16:19:20,867 DEBUG Successfully got: 【动漫国字幕组】★04月新番[【我推的孩子】][01-11(全集)][720P][简体][MP4]
2024-08-03 16:19:20,869 DEBUG Successfully got: 【動漫國字幕組】★04月新番[【我推的孩子】][01-11(全集)][720P][繁體][MP4]
2024-08-03 16:19:20,870 DEBUG Successfully got: [BDMV]我推的孩子/OshinoKo(2023)【推しの子】[Vol.3][JP]
2024-08-03 16:19:20,871 DEBUG Successfully got: [BDMV]OshinoKo(2023)/我推的孩子/推子【推しの子】[Vol.2][JP]
2024-08-03 16:19:20,871 DEBUG Successfully got: [天月搬運組]【我推的孩子】/OshinoKo-01~11[1080P][繁體內嵌](附日字)
2024-08-03 16:19:20,871 DEBUG Successfully got: [桜都字幕组]【我推的孩子】/OshinoKo[01-11][NF1080p][繁日内嵌]
2024-08-03 16:19:20,871 DEBUG Successfully got: [桜都字幕组]【我推的孩子】/OshinoKo[01-11][NF1080p][简日内嵌]
2024-08-03 16:19:20,872 DEBUG Successfully got: [桜都字幕组]【我推的孩子】/OshinoKo[01-11][NF1080p][简繁日内封]
2024-08-03 16:19:20,872 DEBUG Successfully got: [BDMV]我推的孩子/OshinoKo(2023)【推しの子】[Vol.1][JP]("OshinoKo")
2024-08-03 16:19:20,872 DEBUG Successfully got: 我推的孩子/推子/爹在哪里/推しの子/OshinoKO
2024-08-03 16:19:20,873 DEBUG Successfully got: [北宇治字幕组&霜庭云花Sub&氢气烤肉架]【我推的孩子】/【Oshinoko】[11][Webrip][1080p][HEVC_AAC][繁日内嵌]
2024-08-03 16:19:20,873 DEBUG Successfully got: [北宇治字幕组&霜庭云花Sub&氢气烤肉架]【我推的孩子】/【Oshinoko】[11][Webrip][1080p][HEVC_AAC][简日内嵌]
2024-08-03 16:19:20,873 DEBUG Successfully got: [北宇治字幕组&霜庭云花Sub&氢气烤肉架]【我推的孩子】/【Oshinoko】[11][Webrip][1080p][HEVC_AAC][简繁日内封]
2024-08-03 16:19:20,874 DEBUG Successfully got: [星空字幕組][我推的孩子/OshinoKo][08][繁日雙語][1080P][WEBrip][MP4]（急招校對、後期）
2024-08-03 16:19:20,874 DEBUG Successfully got: [星空字幕组][我推的孩子/OshinoKo][08][简日双语][1080P][WEBrip][MP4]（急招校对、后期）
2024-08-03 16:19:20,874 DEBUG Successfully got: [动漫国字幕组&LoliHouse]【我推的孩子】/OshinoKo-11[WebRip1080pHEVC-10bitAAC][简繁内封字幕][END]
2024-08-03 16:19:20,875 DEBUG Successfully got: [动漫国字幕组&LoliHouse]【我推的孩子】/OshinoKo-10[WebRip1080pHEVC-10bitAAC][简繁内封字幕]
2024-08-03 16:19:20,875 DEBUG Successfully got: [动漫国字幕组&LoliHouse]【我推的孩子】/OshinoKo-09[WebRip1080pHEVC-10bitAAC][简繁内封字幕]
2024-08-03 16:19:20,875 DEBUG Successfully got: [动漫国字幕组&LoliHouse]【我推的孩子】/OshinoKo-08[WebRip1080pHEVC-10bitAAC][简繁内封字幕]
2024-08-03 16:19:20,876 DEBUG Successfully got: 【动漫国字幕组】★04月新番[【我推的孩子】][08-11END][1080P][简体][MP4]
2024-08-03 16:19:20,876 DEBUG Successfully got: 【動漫國字幕組】★04月新番[【我推的孩子】][08-11END][1080P][繁體][MP4]
2024-08-03 16:19:20,876 DEBUG Successfully got: 【动漫国字幕组】★04月新番[【我推的孩子】][08-11END][720P][简体][MP4]
2024-08-03 16:19:20,877 DEBUG Successfully got: 【動漫國字幕組】★04月新番[【我推的孩子】][08-11END][720P][繁體][MP4]
2024-08-03 16:19:20,877 DEBUG Successfully got: [云光字幕组]我推的孩子OshinoKo[合集][简体双语][1080p]招募翻译
2024-08-03 16:19:20,877 DEBUG Successfully got: [云光字幕组]我推的孩子OshinoKo[11][END][简体双语][1080p]招募翻译
2024-08-03 16:19:20,878 DEBUG Successfully got: [230706][我推的孩子角色歌]TVアニメ『【推しの子】』キャラクターソングCDVol.2.5／B小町ルビー(CV.伊駒ゆりえ)、有馬かな(CV.潘めぐみ)、MEMちょ(CV.大久保瑠美)[FLAC]
2024-08-03 16:19:20,878 DEBUG Successfully got: [230706][我推的孩子角色歌]TVアニメ『【推しの子】』キャラクターソングCDVol.2.5／B小町ルビー(CV.伊駒ゆりえ)、有馬かな(CV.潘めぐみ)、MEMちょ(CV.大久保瑠美)[320K]
2024-08-03 16:19:20,879 DEBUG Successfully got: [230705][我推的孩子角色歌]TVアニメ『【推しの子】』キャラクターソングCDVol.3／ぴえヨン(CV.村田太志)、有馬かな(CV.潘めぐみ)[FLAC]
2024-08-03 16:19:20,879 DEBUG Successfully got: [230705][我推的孩子角色歌]TVアニメ『【推しの子】』キャラクターソングCDVol.3／ぴえヨン(CV.村田太志)、有馬かな(CV.潘めぐみ)[320K]
2024-08-03 16:19:20,880 DEBUG Successfully got: [230705][我推的孩子角色歌]TVアニメ『【推しの子】』キャラクターソングCDVol.2／B小町ルビー(CV.伊駒ゆりえ)、有馬かな(CV.潘めぐみ)、MEMちょ(CV.大久保瑠美)[FLAC]
2024-08-03 16:19:20,880 DEBUG Successfully got: [230705][我推的孩子角色歌]TVアニメ『【推しの子】』キャラクターソングCDVol.2／B小町ルビー(CV.伊駒ゆりえ)、有馬かな(CV.潘めぐみ)、MEMちょ(CV.大久保瑠美)[320K]
2024-08-03 16:19:20,880 DEBUG Successfully got: [230705][我推的孩子角色歌]TVアニメ『【推しの子】』キャラクターソングCDVol.1／B小町アイ(CV.高橋李依)[320K]
2024-08-03 16:19:20,881 DEBUG Successfully got: 【百冬練習組】【【支持的【偶像】的孩子】_我推的孩子_OshinoKo】[01-11END][1080pHEVCAAC][簡繁內封][合集]
2024-08-03 16:19:20,882 DEBUG Successfully got: 【百冬練習組】【【支持的【偶像】的孩子】_我推的孩子_OshinoKo】[01-11END][1080pAVCAAC][繁體][合集]
2024-08-03 16:19:20,883 DEBUG Successfully got: 【百冬练习组】【【支持的【偶像】的孩子】_我推的孩子_OshinoKo】[01-11END][1080pAVCAAC][简体][合集]
2024-08-03 16:19:20,884 DEBUG Successfully got: 我推的孩子OshinoKo[01-11]1080p简体
2024-08-03 16:19:20,885 DEBUG Successfully got: [Lilith-Raws]【我推的孩子】/OshinoKo-06v2[Baha][WEB-DL][1080p][AVCAAC][CHT][MP4]
2024-08-03 16:19:20,886 DEBUG Successfully got: [云光字幕组]我推的孩子OshinoKo[10][简体双语][1080p]招募翻译
2024-08-03 16:19:20,887 DEBUG Successfully got: [桜都字幕組]【我推的孩子】/OshinoKo[11][1080p][繁日內嵌]
2024-08-03 16:19:20,887 DEBUG Successfully got: [桜都字幕组]【我推的孩子】/OshinoKo[11][1080p][简日内嵌]
2024-08-03 16:19:20,887 DEBUG Successfully got: [桜都字幕组]【我推的孩子】/OshinoKo[11][1080p][简繁日内封]
2024-08-03 16:19:20,888 DEBUG Successfully got: [230628][我推的孩子OST原声集]TVアニメ『【推しの子】』オリジナルサウンドトラック／音楽：伊賀拓郎[FLAC]
2024-08-03 16:19:20,888 DEBUG Successfully got: [230628][我推的孩子OST原声集]TVアニメ『【推しの子】』オリジナルサウンドトラック／音楽：伊賀拓郎[320K]
2024-08-03 16:19:20,888 DEBUG Successfully got: [Skymoon-Raws]【我推的孩子】/OshinoKo-01~11[ViuTV][WEB-DL][1080p][AVCAAC][繁體外掛][MP4+ASS](正式版本)
2024-08-03 16:19:20,889 DEBUG Successfully got: [Skymoon-Raws]【我推的孩子】/OshinoKo-01~11[ViuTV][WEB-RIP][1080p][AVCAAC][CHT][SRT][MKV](先行版本)
2024-08-03 16:19:20,889 DEBUG Successfully got: [Skymoon-Raws]【我推的孩子】/OshinoKo-11[ViuTV][WEB-DL][1080p][AVCAAC][繁體外掛][MP4+ASS](正式版本)
2024-08-03 16:19:20,889 DEBUG Successfully got: [Skymoon-Raws]【我推的孩子】/OshinoKo-11[ViuTV][WEB-RIP][1080p][AVCAAC][CHT][SRT][MKV](先行版本)
2024-08-03 16:19:20,890 DEBUG Successfully got: [Lilith-Raws]【我推的孩子】/OshinoKo-11[Baha][WEB-DL][1080p][AVCAAC][CHT][MP4]
2024-08-03 16:19:20,890 DEBUG Successfully got: [ANi]OshinoKo-【我推的孩子】-11[1080P][Baha][WEB-DL][AACAVC][CHT][MP4]
2024-08-03 16:19:20,890 DEBUG Successfully got: [北宇治字幕组&霜庭云花Sub&氢气烤肉架]【我推的孩子】/【Oshinoko】[10][Webrip][1080p][HEVC_AAC][简繁日内封]
2024-08-03 16:19:20,891 DEBUG Successfully got: [北宇治字幕组&霜庭云花Sub&氢气烤肉架]【我推的孩子】/【Oshinoko】[10][Webrip][1080p][HEVC_AAC][简日内嵌]
2024-08-03 16:19:20,891 DEBUG Successfully got: [北宇治字幕组&霜庭云花Sub&氢气烤肉架]【我推的孩子】/【Oshinoko】[10][Webrip][1080p][HEVC_AAC][繁日内嵌]
2024-08-03 16:19:20,891 DEBUG Successfully got: [云光字幕组]我推的孩子OshinoKo[09][简体双语][1080p]招募翻译
2024-08-03 16:19:20,891 DEBUG Successfully got: [桜都字幕組]【我推的孩子】/OshinoKo[10][1080p][繁日內嵌]
2024-08-03 16:19:20,892 DEBUG Successfully got: [桜都字幕组]【我推的孩子】/OshinoKo[10][1080p][简日内嵌]
2024-08-03 16:19:20,892 DEBUG Successfully got: [桜都字幕组]【我推的孩子】/OshinoKo[10][1080p][简繁日内封]
2024-08-03 16:19:20,892 DEBUG Successfully got: [星空字幕组][我推的孩子/OshinoKo][05][简日双语][1080P][WEBrip][MP4]（急招校对、后期）
2024-08-03 16:19:20,893 DEBUG Successfully got: [北宇治字幕组&霜庭云花Sub&氢气烤肉架]【我推的孩子】/【Oshinoko】[09][Webrip][1080p][HEVC_AAC][繁日内嵌]
2024-08-03 16:19:20,893 DEBUG Successfully got: [北宇治字幕组&霜庭云花Sub&氢气烤肉架]【我推的孩子】/【Oshinoko】[09][Webrip][1080p][HEVC_AAC][简日内嵌]
2024-08-03 16:19:20,893 DEBUG Successfully got: [北宇治字幕组&霜庭云花Sub&氢气烤肉架]【我推的孩子】/【Oshinoko】[09][Webrip][1080p][HEVC_AAC][简繁日内封]
2024-08-03 16:19:20,893 DEBUG Successfully got: [北宇治字幕组&霜庭云花Sub&氢气烤肉架]【我推的孩子】/【Oshinoko】[08][Webrip][1080p][HEVC_AAC][繁日内嵌]
2024-08-03 16:19:20,894 DEBUG Successfully got: [北宇治字幕组&霜庭云花Sub&氢气烤肉架]【我推的孩子】/【Oshinoko】[08][Webrip][1080p][HEVC_AAC][简日内嵌]
2024-08-03 16:19:20,894 DEBUG Successfully got: [北宇治字幕组&霜庭云花Sub&氢气烤肉架]【我推的孩子】/【Oshinoko】[08][Webrip][1080p][HEVC_AAC][简繁日内封]
2024-08-03 16:19:20,894 DEBUG Successfully got: [星空字幕組][我推的孩子/OshinoKo][07][繁日雙語][1080P][WEBrip][MP4]（急招校對、後期）
2024-08-03 16:19:20,894 DEBUG Successfully got: [星空字幕组][我推的孩子/OshinoKo][07][简日双语][1080P][WEBrip][MP4]（急招校对、后期）
2024-08-03 16:19:20,895 DEBUG Successfully got: [星空字幕組][我推的孩子/OshinoKo][05][繁日雙語][1080P][WEBrip][MP4]（急招校對、後期）
2024-08-03 16:19:20,895 DEBUG Successfully got: [星空字幕组][我推的孩子/OshinoKo][06][简日双语][1080P][WEBrip][MP4]（急招校对、后期）
2024-08-03 16:19:20,895 DEBUG Successfully got: [星空字幕組][我推的孩子/OshinoKo][06][繁日雙語][1080P][WEBrip][MP4]（急招校對、後期）
2024-08-03 16:19:20,895 DEBUG Successfully got: [Skymoon-Raws]【我推的孩子】/OshinoKo-10[ViuTV][WEB-DL][1080p][AVCAAC][繁體外掛][MP4+ASS](正式版本)
2024-08-03 16:19:20,896 DEBUG Successfully got: [Skymoon-Raws]【我推的孩子】/OshinoKo-10[ViuTV][WEB-RIP][1080p][AVCAAC][CHT][SRT][MKV](先行版本)
2024-08-03 16:19:20,896 DEBUG Successfully got: [Lilith-Raws]【我推的孩子】/OshinoKo-10[Baha][WEB-DL][1080p][AVCAAC][CHT][MP4]
2024-08-03 16:19:20,896 DEBUG Successfully got: [ANi]OshinoKo-【我推的孩子】-10[1080P][Baha][WEB-DL][AACAVC][CHT][MP4]
2024-08-03 16:19:20,897 DEBUG Successfully got: [云光字幕组]我推的孩子OshinoKo[08][简体双语][1080p]招募翻译
2024-08-03 16:19:20,897 DEBUG Successfully got: [桜都字幕組]【我推的孩子】/OshinoKo[09][1080p][繁日內嵌]
2024-08-03 16:19:20,898 DEBUG Successfully got: [桜都字幕组]【我推的孩子】/OshinoKo[09][1080p][简日内嵌]
2024-08-03 16:19:20,899 DEBUG Successfully got: [桜都字幕组]【我推的孩子】/OshinoKo[09][1080p][简繁日内封]
2024-08-03 16:19:20,900 DEBUG Successfully got: [Skymoon-Raws]【我推的孩子】/OshinoKo-09[ViuTV][WEB-DL][1080p][AVCAAC][繁體外掛][MP4+ASS](正式版本)
2024-08-03 16:19:20,900 DEBUG Successfully got: [Skymoon-Raws]【我推的孩子】/OshinoKo-09[ViuTV][WEB-RIP][1080p][AVCAAC][CHT][SRT][MKV](先行版本)
2024-08-03 16:19:20,901 DEBUG Successfully got: [ANi]【OSHINOKO】-【我推的孩子】-09[1080P][Baha][WEB-DL][AACAVC][CHT][MP4]
2024-08-03 16:19:24,119 DEBUG A request has been made to url: https://dmhy.org/topics/list/page/3?keyword=%E6%88%91%E6%8E%A8%E7%9A%84%E5%AD%A9%E5%AD%90&sort_id=0&team_id=0&order=date-desc
2024-08-03 16:19:24,206 DEBUG Successfully got: [Lilith-Raws]【我推的孩子】/OshinoKo-09[Baha][WEB-DL][1080p][AVCAAC][CHT][MP4]
2024-08-03 16:19:24,206 DEBUG Successfully got: [云光字幕组]我推的孩子OshinoKo[07][简体双语][1080p]招募翻译
2024-08-03 16:19:24,207 DEBUG Successfully got: [云光字幕组]我推的孩子OshinoKo[06][简体双语][1080p]招募翻译
2024-08-03 16:19:24,207 DEBUG Successfully got: [桜都字幕組]【我推的孩子】/OshinoKo[08][1080p][繁日內嵌]
2024-08-03 16:19:24,207 DEBUG Successfully got: [桜都字幕组]【我推的孩子】/OshinoKo[08][1080p][简日内嵌]
2024-08-03 16:19:24,208 DEBUG Successfully got: [桜都字幕组]【我推的孩子】/OshinoKo[08][1080p][简繁日内封]
2024-08-03 16:19:24,208 DEBUG Successfully got: [Skymoon-Raws]【我推的孩子】/OshinoKo-08[ViuTV][WEB-DL][1080p][AVCAAC][繁體外掛][MP4+ASS](正式版本)
2024-08-03 16:19:24,208 DEBUG Successfully got: [Skymoon-Raws]【我推的孩子】/OshinoKo-08[ViuTV][WEB-RIP][1080p][AVCAAC][CHT][SRT][MKV](先行版本)
2024-08-03 16:19:24,209 DEBUG Successfully got: [Lilith-Raws]【我推的孩子】/OshinoKo-08[Baha][WEB-DL][1080p][AVCAAC][CHT][MP4]
2024-08-03 16:19:24,209 DEBUG Successfully got: [ANi]【OSHINOKO】-【我推的孩子】-08[1080P][Baha][WEB-DL][AACAVC][CHT][MP4]
2024-08-03 16:19:24,209 DEBUG Successfully got: [jibaketa]【我推的孩子】特別總集篇(BS111920x1080x264AAC)
2024-08-03 16:19:24,210 DEBUG Successfully got: [云光字幕组]我推的孩子OshinoKo[05][简体双语][1080p]招募翻译
2024-08-03 16:19:24,210 DEBUG Successfully got: [北宇治字幕组&霜庭云花Sub&氢气烤肉架]【我推的孩子】/【Oshinoko】[07][Webrip][1080p][HEVC_AAC][繁日内嵌]
2024-08-03 16:19:24,210 DEBUG Successfully got: [北宇治字幕组&霜庭云花Sub&氢气烤肉架]【我推的孩子】/【Oshinoko】[07][Webrip][1080p][HEVC_AAC][简日内嵌]
2024-08-03 16:19:24,211 DEBUG Successfully got: [北宇治字幕组&霜庭云花Sub&氢气烤肉架]【我推的孩子】/【Oshinoko】[07][Webrip][1080p][HEVC_AAC][简繁日内封]
2024-08-03 16:19:24,211 DEBUG Successfully got: [动漫国字幕组&LoliHouse]【我推的孩子】/OshinoKo-07[WebRip1080pHEVC-10bitAAC][简繁内封字幕]
2024-08-03 16:19:24,211 DEBUG Successfully got: 【动漫国字幕组】★04月新番[【我推的孩子】][07][1080P][简体][MP4]
2024-08-03 16:19:24,212 DEBUG Successfully got: 【動漫國字幕組】★04月新番[【我推的孩子】][07][1080P][繁體][MP4]
2024-08-03 16:19:24,212 DEBUG Successfully got: 【动漫国字幕组】★04月新番[【我推的孩子】][07][720P][简体][MP4]
2024-08-03 16:19:24,212 DEBUG Successfully got: 【動漫國字幕組】★04月新番[【我推的孩子】][07][720P][繁體][MP4]
2024-08-03 16:19:24,213 DEBUG Successfully got: [云光字幕组]我推的孩子OshinoKo[04][简体双语][1080p]招募翻译
2024-08-03 16:19:24,213 DEBUG Successfully got: [动漫国字幕组&LoliHouse]【我推的孩子】/OshinoKo-06[WebRip1080pHEVC-10bitAAC][简繁内封字幕]
2024-08-03 16:19:24,214 DEBUG Successfully got: 【动漫国字幕组】★04月新番[【我推的孩子】][06][1080P][简体][MP4]
2024-08-03 16:19:24,214 DEBUG Successfully got: 【動漫國字幕組】★04月新番[【我推的孩子】][06][1080P][繁體][MP4]
2024-08-03 16:19:24,214 DEBUG Successfully got: 【动漫国字幕组】★04月新番[【我推的孩子】][06][720P][简体][MP4]
2024-08-03 16:19:24,215 DEBUG Successfully got: 【動漫國字幕組】★04月新番[【我推的孩子】][06][720P][繁體][MP4]
2024-08-03 16:19:24,215 DEBUG Successfully got: [桜都字幕組]【我推的孩子】/OshinoKo[07v2][1080p][繁日內嵌]
2024-08-03 16:19:24,216 DEBUG Successfully got: [桜都字幕组]【我推的孩子】/OshinoKo[07v2][1080p][简日内嵌]
2024-08-03 16:19:24,217 DEBUG Successfully got: [北宇治字幕组&霜庭云花Sub&氢气烤肉架]【我推的孩子】/【Oshinoko】[06][Webrip][1080p][HEVC_AAC][繁日内嵌]
2024-08-03 16:19:24,218 DEBUG Successfully got: [北宇治字幕组&霜庭云花Sub&氢气烤肉架]【我推的孩子】/【Oshinoko】[06][Webrip][1080p][HEVC_AAC][简日内嵌]
2024-08-03 16:19:24,219 DEBUG Successfully got: [北宇治字幕组&霜庭云花Sub&氢气烤肉架]【我推的孩子】/【Oshinoko】[06][Webrip][1080p][HEVC_AAC][简繁日内封]
2024-08-03 16:19:24,220 DEBUG Successfully got: [桜都字幕组]【我推的孩子】/OshinoKo[07][1080p][简繁日内封]
2024-08-03 16:19:24,221 DEBUG Successfully got: [Hi-Res][230526][我推的孩子]TVアニメ『【推しの子】』OP主题歌「Idol(「アイドル」EnglishVer.)」／YOASOBI[96kHz/24bit][FLAC]
2024-08-03 16:19:24,221 DEBUG Successfully got: [Skymoon-Raws]【我推的孩子】/OshinoKo-07[ViuTV][WEB-DL][1080p][AVCAAC][繁體外掛][MP4+ASS](正式版本)
2024-08-03 16:19:24,221 DEBUG Successfully got: [Skymoon-Raws]【我推的孩子】/OshinoKo-07[ViuTV][WEB-RIP][1080p][AVCAAC][CHT][SRT][MKV](先行版本)
2024-08-03 16:19:24,222 DEBUG Successfully got: [Lilith-Raws]【我推的孩子】/OshinoKo-07[Baha][WEB-DL][1080p][AVCAAC][CHT][MP4]
2024-08-03 16:19:24,222 DEBUG Successfully got: [ANi]【OSHINOKO】-【我推的孩子】-07[1080P][Baha][WEB-DL][AACAVC][CHT][MP4]
2024-08-03 16:19:24,222 DEBUG Successfully got: [桜都字幕組]【我推的孩子】/OshinoKo[06][1080p][繁日內嵌]
2024-08-03 16:19:24,223 DEBUG Successfully got: [桜都字幕组]【我推的孩子】/OshinoKo[06][1080p][简日内嵌]
2024-08-03 16:19:24,223 DEBUG Successfully got: [桜都字幕组]【我推的孩子】/OshinoKo[06][1080p][简繁日内封]
2024-08-03 16:19:24,223 DEBUG Successfully got: [云光字幕组]我推的孩子OshinoKo[03][简体双语][1080p]招募翻译
2024-08-03 16:19:24,224 DEBUG Successfully got: [动漫国字幕组&LoliHouse]【我推的孩子】/OshinoKo-05[WebRip1080pHEVC-10bitAAC][简繁内封字幕]
2024-08-03 16:19:24,224 DEBUG Successfully got: 【动漫国字幕组】★04月新番[【我推的孩子】][05][1080P][简体][MP4]
2024-08-03 16:19:24,224 DEBUG Successfully got: 【動漫國字幕組】★04月新番[【我推的孩子】][05][1080P][繁體][MP4]
2024-08-03 16:19:24,225 DEBUG Successfully got: 【动漫国字幕组】★04月新番[【我推的孩子】][05][720P][简体][MP4]
2024-08-03 16:19:24,225 DEBUG Successfully got: 【動漫國字幕組】★04月新番[【我推的孩子】][05][720P][繁體][MP4]
2024-08-03 16:19:24,225 DEBUG Successfully got: [云光字幕组]我推的孩子OshinoKo[02][简体双语][1080p]招募翻译
2024-08-03 16:19:24,226 DEBUG Successfully got: [Skymoon-Raws]【我推的孩子】/OshinoKo-06[ViuTV][WEB-DL][1080p][AVCAAC][繁體外掛][MP4+ASS](正式版本)
2024-08-03 16:19:24,226 DEBUG Successfully got: [Skymoon-Raws]【我推的孩子】/OshinoKo-06[ViuTV][WEB-RIP][1080p][AVCAAC][CHT][SRT][MKV](先行版本)
2024-08-03 16:19:24,226 DEBUG Successfully got: [ANi]【OSHINOKO】-【我推的孩子】-06[1080P][Baha][WEB-DL][AACAVC][CHT][MP4]
2024-08-03 16:19:24,227 DEBUG Successfully got: [Lilith-Raws]【我推的孩子】/OshinoKo-06[Baha][WEB-DL][1080p][AVCAAC][CHT][MP4]
2024-08-03 16:19:24,227 DEBUG Successfully got: [北宇治字幕组&霜庭云花Sub&氢气烤肉架]【我推的孩子】/【Oshinoko】[05][Webrip][1080p][HEVC_AAC][简繁日内封]
2024-08-03 16:19:24,227 DEBUG Successfully got: [北宇治字幕组&霜庭云花Sub&氢气烤肉架]【我推的孩子】/【Oshinoko】[05][Webrip][1080p][HEVC_AAC][简日内嵌]
2024-08-03 16:19:24,228 DEBUG Successfully got: [北宇治字幕组&霜庭云花Sub&氢气烤肉架]【我推的孩子】/【Oshinoko】[05][Webrip][1080p][HEVC_AAC][繁日内嵌]
2024-08-03 16:19:24,228 DEBUG Successfully got: [云歌字幕组][4月新番][我推的孩子OshinoKo][05][AVC][x26410bit][1080p][简日双语][招募翻译]
2024-08-03 16:19:24,228 DEBUG Successfully got: [230517][我推的孩子]TVアニメ『【推しの子】』EDテーマ「メフィスト」／女王蜂[320K]
2024-08-03 16:19:24,229 DEBUG Successfully got: [愛戀字幕社&波子汽水漢化組][4月新番][【我推的孩子】][OshinoKo][03][1080P][MP4][BIG5][繁中]
2024-08-03 16:19:24,229 DEBUG Successfully got: [爱恋字幕社&波子汽水汉化组][4月新番][【我推的孩子】][OshinoKo][03][1080P][MP4][GB][简中]
2024-08-03 16:19:24,230 DEBUG Successfully got: [愛戀字幕社&波子汽水漢化組][4月新番][【我推的孩子】][OshinoKo][03][720P][MP4][BIG5][繁中]
2024-08-03 16:19:24,230 DEBUG Successfully got: [爱恋字幕社&波子汽水汉化组][4月新番][【我推的孩子】][OshinoKo][03][720P][MP4][GB][简中]
2024-08-03 16:19:24,230 DEBUG Successfully got: [桜都字幕組]【我推的孩子】/OshinoKo[05][1080p][繁日內嵌]
2024-08-03 16:19:24,231 DEBUG Successfully got: [桜都字幕组]【我推的孩子】/OshinoKo[05][1080p][简日内嵌]
2024-08-03 16:19:24,231 DEBUG Successfully got: [桜都字幕组]【我推的孩子】/OshinoKo[05][1080p][简繁日内封]
2024-08-03 16:19:24,231 DEBUG Successfully got: [星空字幕組][我推的孩子/OshinoKo][04][繁日雙語][1080P][WEBrip][MP4]（急招校對、後期）
2024-08-03 16:19:24,232 DEBUG Successfully got: [星空字幕组][我推的孩子/OshinoKo][04][简日双语][1080P][WEBrip][MP4]（急招校对、后期）
2024-08-03 16:19:24,233 DEBUG Successfully got: [云光字幕组]我推的孩子OshinoKo[01][简体双语][1080p]招募翻译
2024-08-03 16:19:24,234 DEBUG Successfully got: [动漫国字幕组&LoliHouse]【我推的孩子】/OshinoKo-04[WebRip1080pHEVC-10bitAAC][简繁内封字幕]
2024-08-03 16:19:24,235 DEBUG Successfully got: 【动漫国字幕组】★04月新番[【我推的孩子】][04][1080P][简体][MP4]
2024-08-03 16:19:24,235 DEBUG Successfully got: 【動漫國字幕組】★04月新番[【我推的孩子】][04][1080P][繁體][MP4]
2024-08-03 16:19:24,236 DEBUG Successfully got: 【动漫国字幕组】★04月新番[【我推的孩子】][04][720P][简体][MP4]
2024-08-03 16:19:24,237 DEBUG Successfully got: 【動漫國字幕組】★04月新番[【我推的孩子】][04][720P][繁體][MP4]
2024-08-03 16:19:24,237 DEBUG Successfully got: [Skymoon-Raws]【我推的孩子】/OshinoKo-05[ViuTV][WEB-DL][1080p][AVCAAC][繁體外掛][MP4+ASS](正式版本)
2024-08-03 16:19:24,238 DEBUG Successfully got: [Skymoon-Raws]【我推的孩子】/OshinoKo-05[ViuTV][WEB-RIP][1080p][AVCAAC][CHT][SRT][MKV](先行版本)
2024-08-03 16:19:24,238 DEBUG Successfully got: [ANi]【OSHINOKO】-【我推的孩子】-05[1080P][Baha][WEB-DL][AACAVC][CHT][MP4]
2024-08-03 16:19:24,238 DEBUG Successfully got: [Lilith-Raws]【我推的孩子】/OshinoKo-05[Baha][WEB-DL][1080p][AVCAAC][CHT][MP4]
2024-08-03 16:19:24,239 DEBUG Successfully got: [北宇治字幕组&霜庭云花Sub&氢气烤肉架]【我推的孩子】/【Oshinoko】[04][Webrip][1080p][HEVC_AAC][简繁日内封]
2024-08-03 16:19:24,239 DEBUG Successfully got: [北宇治字幕组&霜庭云花Sub&氢气烤肉架]【我推的孩子】/【Oshinoko】[04][Webrip][1080p][HEVC_AAC][繁日内嵌]
2024-08-03 16:19:24,239 DEBUG Successfully got: [北宇治字幕组&霜庭云花Sub&氢气烤肉架]【我推的孩子】/【Oshinoko】[04][Webrip][1080p][HEVC_AAC][简日内嵌]
2024-08-03 16:19:24,240 DEBUG Successfully got: [桜都字幕組]【我推的孩子】/OshinoKo[04][1080p][繁日內嵌]
2024-08-03 16:19:24,240 DEBUG Successfully got: [桜都字幕组]【我推的孩子】/OshinoKo[04][1080p][简日内嵌]
2024-08-03 16:19:28,107 DEBUG A request has been made to url: https://dmhy.org/topics/list/page/4?keyword=%E6%88%91%E6%8E%A8%E7%9A%84%E5%AD%A9%E5%AD%90&sort_id=0&team_id=0&order=date-desc
2024-08-03 16:19:28,220 DEBUG Successfully got: [桜都字幕组]【我推的孩子】/OshinoKo[04][1080p][简繁日内封]
2024-08-03 16:19:28,221 DEBUG Successfully got: [云歌字幕组][4月新番][我推的孩子OshinoKo][04][AVC][x26410bit][1080p][简日双语][招募翻译]
2024-08-03 16:19:28,221 DEBUG Successfully got: [Skymoon-Raws]【我推的孩子】/OshinoKo-04[ViuTV][WEB-DL][1080p][AVCAAC][繁體外掛][MP4+ASS](正式版本)
2024-08-03 16:19:28,221 DEBUG Successfully got: [Skymoon-Raws]【我推的孩子】/OshinoKo-04[ViuTV][WEB-RIP][1080p][AVCAAC][CHT][SRT][MKV](先行版本)
2024-08-03 16:19:28,222 DEBUG Successfully got: [动漫国字幕组&LoliHouse]【我推的孩子】/OshinoKo-03[WebRip1080pHEVC-10bitAAC][简繁内封字幕]
2024-08-03 16:19:28,222 DEBUG Successfully got: [Lilith-Raws]【我推的孩子】/OshinoKo-04[Baha][WEB-DL][1080p][AVCAAC][CHT][MP4]
2024-08-03 16:19:28,223 DEBUG Successfully got: [ANi]【OSHINOKO】-【我推的孩子】-04[1080P][Baha][WEB-DL][AACAVC][CHT][MP4]
2024-08-03 16:19:28,223 DEBUG Successfully got: 【动漫国字幕组】★04月新番[【我推的孩子】][03][1080P][简体][MP4]
2024-08-03 16:19:28,223 DEBUG Successfully got: 【動漫國字幕組】★04月新番[【我推的孩子】][03][1080P][繁體][MP4]
2024-08-03 16:19:28,224 DEBUG Successfully got: 【动漫国字幕组】★04月新番[【我推的孩子】][03][720P][简体][MP4]
2024-08-03 16:19:28,224 DEBUG Successfully got: 【動漫國字幕組】★04月新番[【我推的孩子】][03][720P][繁體][MP4]
2024-08-03 16:19:28,224 DEBUG Successfully got: [北宇治字幕组&霜庭云花Sub&氢气烤肉架]【我推的孩子】/【Oshinoko】[03V2][Webrip][1080p][HEVC_AAC][简繁日内封]
2024-08-03 16:19:28,225 DEBUG Successfully got: [北宇治字幕组&霜庭云花Sub&氢气烤肉架]【我推的孩子】/【Oshinoko】[03][Webrip][1080p][HEVC_AAC][繁日内嵌]
2024-08-03 16:19:28,225 DEBUG Successfully got: [北宇治字幕组&霜庭云花Sub&氢气烤肉架]【我推的孩子】/【Oshinoko】[03][Webrip][1080p][HEVC_AAC][简日内嵌]
2024-08-03 16:19:28,225 DEBUG Successfully got: [星空字幕組][我推的孩子/OshinoKo][03][繁日雙語][1080P][WEBrip][MP4]（急招校對、後期）
2024-08-03 16:19:28,226 DEBUG Successfully got: [星空字幕组][我推的孩子/OshinoKo][03][简日双语][1080P][WEBrip][MP4]（急招校对、后期）
2024-08-03 16:19:28,226 DEBUG Successfully got: [星空字幕組][我推的孩子/OshinoKo][02][繁日雙語][1080P][WEBrip][MP4]（急招校對、後期）
2024-08-03 16:19:28,226 DEBUG Successfully got: [星空字幕组][我推的孩子/OshinoKo][02][简日双语][1080P][WEBrip][MP4]（急招校对、后期）
2024-08-03 16:19:28,227 DEBUG Successfully got: [星空字幕組][我推的孩子/OshinoKo][01][繁日雙語][1080P][WEBrip][MP4]（急招校對、後期）
2024-08-03 16:19:28,227 DEBUG Successfully got: [星空字幕组][我推的孩子/OshinoKo][01][简日双语][1080P][WEBrip][MP4]（急招校对、后期）
2024-08-03 16:19:28,227 DEBUG Successfully got: [云歌字幕组][4月新番][我推的孩子OshinoKo][03][AVC][x26410bit][1080p][简日双语][招募翻译]
2024-08-03 16:19:28,228 DEBUG Successfully got: [桜都字幕組]【我推的孩子】/OshinoKo[03][1080p][繁日內嵌]
2024-08-03 16:19:28,228 DEBUG Successfully got: [桜都字幕组]【我推的孩子】/OshinoKo[03][1080p][简日内嵌]
2024-08-03 16:19:28,228 DEBUG Successfully got: [桜都字幕组]【我推的孩子】/OshinoKo[03][1080p][简繁日内封]
2024-08-03 16:19:28,229 DEBUG Successfully got: [Lilith-Raws]【我推的孩子】/OshinoKo-03[Baha][WEB-DL][1080p][AVCAAC][CHT][MP4]
2024-08-03 16:19:28,229 DEBUG Successfully got: [Skymoon-Raws]【我推的孩子】/OshinoKo-03[ViuTV][WEB-DL][1080p][AVCAAC][繁體外掛][MP4+ASS](正式版本)
2024-08-03 16:19:28,229 DEBUG Successfully got: [Skymoon-Raws]【我推的孩子】/OshinoKo-03[ViuTV][WEB-RIP][1080p][AVCAAC][CHT][SRT][MKV](先行版本)
2024-08-03 16:19:28,230 DEBUG Successfully got: [ANi]【OSHINOKO】-【我推的孩子】-03[1080P][Baha][WEB-DL][AACAVC][CHT][MP4]
2024-08-03 16:19:28,230 DEBUG Successfully got: [动漫国字幕组&LoliHouse]【我推的孩子】/OshinoKo-02[WebRip1080pHEVC-10bitAAC][简繁内封字幕]
2024-08-03 16:19:28,230 DEBUG Successfully got: 【动漫国字幕组】★04月新番[【我推的孩子】][02][1080P][简体][MP4]
2024-08-03 16:19:28,231 DEBUG Successfully got: 【動漫國字幕組】★04月新番[【我推的孩子】][02][1080P][繁體][MP4]
2024-08-03 16:19:28,232 DEBUG Successfully got: 【动漫国字幕组】★04月新番[【我推的孩子】][02][720P][简体][MP4]
2024-08-03 16:19:28,233 DEBUG Successfully got: 【動漫國字幕組】★04月新番[【我推的孩子】][02][720P][繁體][MP4]
2024-08-03 16:19:28,234 DEBUG Successfully got: [北宇治字幕组&霜庭云花Sub&氢气烤肉架]【我推的孩子】/【Oshinoko】[02][Webrip][1080p][HEVC_AAC][简繁日内封]
2024-08-03 16:19:28,235 DEBUG Successfully got: YOASOBI「アイドル」OfficialMusicVideo（4k,VP9+FLAC）（我推的孩子MV）
2024-08-03 16:19:28,236 DEBUG Successfully got: [动漫国字幕组&LoliHouse]【我推的孩子】/OshinoKo-01[WebRip1080pHEVC-10bitAAC][简繁内封字幕]
2024-08-03 16:19:28,237 DEBUG Successfully got: 【动漫国字幕组】★04月新番[【我推的孩子】][01][1080P][简体][MP4]
2024-08-03 16:19:28,237 DEBUG Successfully got: 【動漫國字幕組】★04月新番[【我推的孩子】][01][1080P][繁體][MP4]
2024-08-03 16:19:28,237 DEBUG Successfully got: 【动漫国字幕组】★04月新番[【我推的孩子】][01][720P][简体][MP4]
2024-08-03 16:19:28,238 DEBUG Successfully got: 【動漫國字幕組】★04月新番[【我推的孩子】][01][720P][繁體][MP4]
2024-08-03 16:19:28,238 DEBUG Successfully got: YOASOBI「アイドル」OfficialMusicVideo（4k）（我推的孩子MV）
2024-08-03 16:19:28,238 DEBUG Successfully got: [桜都字幕组]【我推的孩子】/OshinoKo[02][1080p][简日内嵌]
2024-08-03 16:19:28,239 DEBUG Successfully got: [桜都字幕組]【我推的孩子】/OshinoKo[02][1080p][繁日內嵌]
2024-08-03 16:19:28,239 DEBUG Successfully got: [桜都字幕组]【我推的孩子】/OshinoKo[02][1080p][简繁日内封]
2024-08-03 16:19:28,239 DEBUG Successfully got: [北宇治字幕组&霜庭云花Sub&氢气烤肉架]【我推的孩子】/【Oshinoko】[02][Webrip][1080p][HEVC_EAC][简日内嵌]
2024-08-03 16:19:28,240 DEBUG Successfully got: [北宇治字幕组&霜庭云花Sub&氢气烤肉架]【我推的孩子】/【Oshinoko】[02][Webrip][1080p][HEVC_EAC][繁日内嵌]
2024-08-03 16:19:28,240 DEBUG Successfully got: [云歌字幕组][4月新番][我推的孩子OshinoKo][02v2][AVC][x26410bit][1080p][简日双语][招募翻译]
2024-08-03 16:19:28,240 DEBUG Successfully got: [云歌字幕组][4月新番][我推的孩子OshinoKo][01][AVC][x26410bit][1080p][简日双语][招募翻译]
2024-08-03 16:19:28,240 DEBUG Successfully got: [愛戀字幕社&波子汽水漢化組][4月新番][【我推的孩子】][OshinoKo][02][1080P][MP4][BIG5][繁中]
2024-08-03 16:19:28,241 DEBUG Successfully got: [爱恋字幕社&波子汽水汉化组][4月新番][【我推的孩子】][OshinoKo][02][1080P][MP4][GB][简中]
2024-08-03 16:19:28,241 DEBUG Successfully got: [愛戀字幕社&波子汽水漢化組][4月新番][【我推的孩子】][OshinoKo][02][720P][MP4][BIG5][繁中]
2024-08-03 16:19:28,241 DEBUG Successfully got: [爱恋字幕社&波子汽水汉化组][4月新番][【我推的孩子】][OshinoKo][02][720P][MP4][GB][简中]
2024-08-03 16:19:28,241 DEBUG Successfully got: [北宇治字幕组&霜庭云花Sub&氢气烤肉架]【我推的孩子】/【Oshinoko】[01][Webrip][1080p][HEVC_EAC][简繁日内封]
2024-08-03 16:19:28,242 DEBUG Successfully got: [北宇治字幕组&霜庭云花Sub&氢气烤肉架]【我推的孩子】/【Oshinoko】[01][Webrip][1080p][HEVC_EAC][繁日内嵌]
2024-08-03 16:19:28,242 DEBUG Successfully got: [北宇治字幕组&霜庭云花Sub&氢气烤肉架]【我推的孩子】/【Oshinoko】[01][Webrip][1080p][HEVC_EAC][简日内嵌]
2024-08-03 16:19:28,242 DEBUG Successfully got: [北宇治字幕组&霜庭云花Sub&氢气烤肉架]【我推的孩子】/【Oshinoko】[01][Webrip][1080p][HEVC_EAC][CHT][MP4]
2024-08-03 16:19:28,243 DEBUG Successfully got: [星空字幕組][我推的孩子/OshinoKo][02][繁體內嵌][1080P][WEBrip][MP4]（急招校對、後期）
2024-08-03 16:19:28,243 DEBUG Successfully got: [星空字幕组][我推的孩子/OshinoKo][02][简体内嵌][1080P][WEBrip][MP4]（急招校对、后期）
2024-08-03 16:19:28,243 DEBUG Successfully got: [Lilith-Raws]【我推的孩子】/OshinoKo-02[Baha][WEB-DL][1080p][AVCAAC][CHT][MP4]
2024-08-03 16:19:28,244 DEBUG Successfully got: [Skymoon-Raws]【我推的孩子】/OshinoKo-02[ViuTV][WEB-DL][1080p][AVCAAC][繁體外掛][MP4+ASS](正式版本)
2024-08-03 16:19:28,244 DEBUG Successfully got: [Skymoon-Raws]【我推的孩子】/OshinoKo-02[ViuTV][WEB-RIP][1080p][AVCAAC][CHT][SRT][MKV](先行版本)
2024-08-03 16:19:28,244 DEBUG Successfully got: [ANi]OshinoKo-【我推的孩子】-02[1080P][Baha][WEB-DL][AACAVC][CHT][MP4]
2024-08-03 16:19:28,245 DEBUG Successfully got: [愛戀字幕社&波子汽水漢化組][4月新番][【我推的孩子】][OshinoKo][01][1080P][MP4][BIG5][繁中]
2024-08-03 16:19:28,245 DEBUG Successfully got: [愛戀字幕社&波子汽水漢化組][4月新番][【我推的孩子】][OshinoKo][01][720P][MP4][BIG5][繁中]
2024-08-03 16:19:28,245 DEBUG Successfully got: [爱恋字幕社&波子汽水汉化组][4月新番][【我推的孩子】][OshinoKo][01][1080P][MP4][GB][简中]
2024-08-03 16:19:28,245 DEBUG Successfully got: [爱恋字幕社&波子汽水汉化组][4月新番][【我推的孩子】][OshinoKo][01][720P][MP4][GB][简中]
2024-08-03 16:19:28,246 DEBUG Successfully got: [桜都字幕组]【我推的孩子】/OshinoKo[01][NF1080p][简日内嵌]
2024-08-03 16:19:28,246 DEBUG Successfully got: [桜都字幕组]【我推的孩子】/OshinoKo[01][NF1080p][繁日内嵌]
2024-08-03 16:19:28,246 DEBUG Successfully got: [桜都字幕组]【我推的孩子】/OshinoKo[01][NF1080p][简繁日内封]
2024-08-03 16:19:28,247 DEBUG Successfully got: [北宇治字幕组&霜庭云花Sub&氢气烤肉架]【我推的孩子】/【Oshinoko】[01][Webrip][1080p][HEVC_EAC][CHS][MP4]
2024-08-03 16:19:28,247 DEBUG Successfully got: [星空字幕組][我推的孩子/OshinoKo][01][繁體內嵌][1080P][WEBrip][MP4]（急招校對、後期）
2024-08-03 16:19:28,248 DEBUG Successfully got: [星空字幕组][我推的孩子/OshinoKo][01V2][简体内嵌][1080P][WEBrip][MP4]（急招校对、后期）
2024-08-03 16:19:28,250 DEBUG Successfully got: [Skymoon-Raws]【我推的孩子】/OshinoKo-01[ViuTV][WEB-DL][1080p][AVCAAC][繁體外掛][MP4+ASS](正式版本)
2024-08-03 16:19:28,250 DEBUG Successfully got: [Skymoon-Raws]【我推的孩子】/OshinoKo-01[ViuTV][WEB-RIP][1080p][AVCAAC][CHT][SRT][MKV](先行版本)
2024-08-03 16:19:28,251 DEBUG Successfully got: [星空字幕组][我推的孩子/OshinoKo][01][简体内嵌][1080P][WEBrip][MP4]（急招校对、后期）
2024-08-03 16:19:28,252 DEBUG Successfully got: [Lilith-Raws]【我推的孩子】/OshinoKo-01[Baha][WEB-DL][1080p][AVCAAC][CHT][MP4]
2024-08-03 16:19:28,252 DEBUG Successfully got: [ANi]OshinoKo-【我推的孩子】-01[1080P][Baha][WEB-DL][AACAVC][CHT][MP4]
2024-08-03 16:19:28,253 DEBUG Successfully got: [Hi-Res][230412]TVアニメ『我推的孩子推しの子』OP主题歌「アイドル」／YOASOBI[96kHz/24bit][FLAC]
2024-08-03 16:19:31,346 DEBUG A request has been made to url: https://dmhy.org/topics/list/page/5?keyword=%E6%88%91%E6%8E%A8%E7%9A%84%E5%AD%A9%E5%AD%90&sort_id=0&team_id=0&order=date-desc
2024-08-03 16:19:31,359 INFO This search is complete: 我推的孩子
2024-08-03 16:23:18,723 WARNING No system proxy found
2024-08-03 16:24:09,360 WARNING No system proxy found
2024-08-03 16:24:32,273 WARNING No system proxy found
2024-08-03 16:26:45,988 ERROR The search was aborted due to network reasons:
Traceback (most recent call last):
  File "/usr/lib/python3.12/site-packages/urllib3/connection.py", line 174, in _new_conn
    conn = connection.create_connection(
           ^^^^^^^^^^^^^^^^^^^^^^^^^^^^^
  File "/usr/lib/python3.12/site-packages/urllib3/util/connection.py", line 95, in create_connection
    raise err
  File "/usr/lib/python3.12/site-packages/urllib3/util/connection.py", line 85, in create_connection
    sock.connect(sa)
OSError: [Errno 101] Network is unreachable

During handling of the above exception, another exception occurred:

Traceback (most recent call last):
  File "/usr/lib/python3.12/site-packages/urllib3/connectionpool.py", line 715, in urlopen
    httplib_response = self._make_request(
                       ^^^^^^^^^^^^^^^^^^^
  File "/usr/lib/python3.12/site-packages/urllib3/connectionpool.py", line 404, in _make_request
    self._validate_conn(conn)
  File "/usr/lib/python3.12/site-packages/urllib3/connectionpool.py", line 1060, in _validate_conn
    conn.connect()
  File "/usr/lib/python3.12/site-packages/urllib3/connection.py", line 363, in connect
    self.sock = conn = self._new_conn()
                       ^^^^^^^^^^^^^^^^
  File "/usr/lib/python3.12/site-packages/urllib3/connection.py", line 186, in _new_conn
    raise NewConnectionError(
urllib3.exceptions.NewConnectionError: <urllib3.connection.HTTPSConnection object at 0x71d713fd0b30>: Failed to establish a new connection: [Errno 101] Network is unreachable

During handling of the above exception, another exception occurred:

Traceback (most recent call last):
  File "/home/adogecheems/.local/lib/python3.12/site-packages/requests/adapters.py", line 486, in send
    resp = conn.urlopen(
           ^^^^^^^^^^^^^
  File "/usr/lib/python3.12/site-packages/urllib3/connectionpool.py", line 801, in urlopen
    retries = retries.increment(
              ^^^^^^^^^^^^^^^^^^
  File "/usr/lib/python3.12/site-packages/urllib3/util/retry.py", line 594, in increment
    raise MaxRetryError(_pool, url, error or ResponseError(cause))
urllib3.exceptions.MaxRetryError: HTTPSConnectionPool(host='dmhy.org', port=443): Max retries exceeded with url: /topics/list/page/1?keyword=%E6%88%91%E6%8E%A8%E7%9A%84%E5%AD%A9%E5%AD%90&sort_id=31&team_id=0&order=date-desc (Caused by NewConnectionError('<urllib3.connection.HTTPSConnection object at 0x71d713fd0b30>: Failed to establish a new connection: [Errno 101] Network is unreachable'))

During handling of the above exception, another exception occurred:

Traceback (most recent call last):
  File "/home/adogecheems/文档/Dmhylib/dmhylib/url_get.py", line 23, in get_url
    response = requests.get(url, headers=headers, proxies=proxies, verify=verify)
               ^^^^^^^^^^^^^^^^^^^^^^^^^^^^^^^^^^^^^^^^^^^^^^^^^^^^^^^^^^^^^^^^^^
  File "/home/adogecheems/.local/lib/python3.12/site-packages/requests/api.py", line 73, in get
    return request("get", url, params=params, **kwargs)
           ^^^^^^^^^^^^^^^^^^^^^^^^^^^^^^^^^^^^^^^^^^^^
  File "/home/adogecheems/.local/lib/python3.12/site-packages/requests/api.py", line 59, in request
    return session.request(method=method, url=url, **kwargs)
           ^^^^^^^^^^^^^^^^^^^^^^^^^^^^^^^^^^^^^^^^^^^^^^^^^
  File "/home/adogecheems/.local/lib/python3.12/site-packages/requests/sessions.py", line 589, in request
    resp = self.send(prep, **send_kwargs)
           ^^^^^^^^^^^^^^^^^^^^^^^^^^^^^^
  File "/home/adogecheems/.local/lib/python3.12/site-packages/requests/sessions.py", line 703, in send
    r = adapter.send(request, **kwargs)
        ^^^^^^^^^^^^^^^^^^^^^^^^^^^^^^^
  File "/home/adogecheems/.local/lib/python3.12/site-packages/requests/adapters.py", line 519, in send
    raise ConnectionError(e, request=request)
requests.exceptions.ConnectionError: HTTPSConnectionPool(host='dmhy.org', port=443): Max retries exceeded with url: /topics/list/page/1?keyword=%E6%88%91%E6%8E%A8%E7%9A%84%E5%AD%A9%E5%AD%90&sort_id=31&team_id=0&order=date-desc (Caused by NewConnectionError('<urllib3.connection.HTTPSConnection object at 0x71d713fd0b30>: Failed to establish a new connection: [Errno 101] Network is unreachable'))
